<?xml version="1.0" encoding="UTF-8"?>
<testsuite xmlns:xsi="http://www.w3.org/2001/XMLSchema-instance" xsi:noNamespaceSchemaLocation="https://maven.apache.org/surefire/maven-surefire-plugin/xsd/surefire-test-report-3.0.xsd" version="3.0" name="agenda.AgendaTest" time="0.047" tests="7" errors="0" skipped="0" failures="0">
  <properties>
[...]
</properties>
  <testcase name="testBuscarContacto" classname="agenda.AgendaTest" time="0.031">
    <system-out><![CDATA[Test:testBuscarContacto()
]]></system-out>
  </testcase>
  <testcase name="testBuscarContacto_noex" classname="agenda.AgendaTest" time="0">
    <system-out><![CDATA[Test:testBuscarContacto_noex()
]]></system-out>
  </testcase>
  <testcase name="testEliminarContacto_noex" classname="agenda.AgendaTest" time="0">
    <system-out><![CDATA[Test:testEliminarContacto_noex()
]]></system-out>
  </testcase>
  <testcase name="testAddContacto_repe" classname="agenda.AgendaTest" time="0">
    <system-out><![CDATA[Test:testAddContacto()
]]></system-out>
  </testcase>
  <testcase name="testGetContactos" classname="agenda.AgendaTest" time="0">
    <system-out><![CDATA[Test:testGetContactos()
]]></system-out>
  </testcase>
  <testcase name="testEliminarContacto" classname="agenda.AgendaTest" time="0">
    <system-out><![CDATA[Test:testEliminarContacto()
]]></system-out>
  </testcase>
  <testcase name="testAddContacto" classname="agenda.AgendaTest" time="0">
    <system-out><![CDATA[Test:testAddContacto()
]]></system-out>
  </testcase>
</testsuite>